C51 COMPILER V9.55   MOTORDRIVER                                                           12/03/2022 15:13:00 PAGE 1   


C51 COMPILER V9.55, COMPILATION OF MODULE MOTORDRIVER
OBJECT MODULE PLACED IN .\Objects\Motordriver.obj
COMPILER INVOKED BY: F:\Keil_v5\C51\BIN\C51.EXE Motordriver.c OPTIMIZE(8,SPEED) BROWSE INCDIR(..\例콘琦샬鬼났) DEBUG OBJ
                    -ECTEXTEND PRINT(.\Listings\Motordriver.lst) TABS(2) OBJECT(.\Objects\Motordriver.obj)

line level    source

   1          #include <REGX52.H>
   2          #include "Motordirver.h"
   3          
   4          //L298n쭉서覺콘왯
   5          sbit IN1=P0^6;
   6          sbit IN2=P0^5;
   7          sbit IN3=P0^4;
   8          sbit IN4=P0^3;
   9          
  10          void RightMotoForward()
  11          {IN3=0; IN4=1;}
  12          void RightMotoBack()
  13          {IN3=1; IN4=0;}
  14          void LeftMotoBack()
  15          {IN1=0; IN2=1;}
  16          void LeftMotoForward()
  17          {IN1=1; IN2=0;}
  18          void RightMotoStop()
  19          {IN3=1; IN4=1;}
  20          void LeftMotoStop()
  21          {IN1=1; IN2=1;}


MODULE INFORMATION:   STATIC OVERLAYABLE
   CODE SIZE        =     30    ----
   CONSTANT SIZE    =   ----    ----
   XDATA SIZE       =   ----    ----
   PDATA SIZE       =   ----    ----
   DATA SIZE        =   ----    ----
   IDATA SIZE       =   ----    ----
   BIT SIZE         =   ----    ----
END OF MODULE INFORMATION.


C51 COMPILATION COMPLETE.  0 WARNING(S),  0 ERROR(S)
