C51 COMPILER V9.55   MAIN                                                                  12/03/2022 15:16:10 PAGE 1   


C51 COMPILER V9.55, COMPILATION OF MODULE MAIN
OBJECT MODULE PLACED IN .\Objects\main.obj
COMPILER INVOKED BY: F:\Keil_v5\C51\BIN\C51.EXE main.c OPTIMIZE(8,SPEED) BROWSE INCDIR(..\智能循迹小车) DEBUG OBJECTEXTE
                    -ND PRINT(.\Listings\main.lst) TABS(2) OBJECT(.\Objects\main.obj)

line level    source

   1          //此函数为主函数，调用分块函数函数在此函数执行
   2          #include <REGX52.H>
   3          #include "MoveState.h"
   4          #include "Motordirver.h"
   5          #include "Timer.h"
   6          #include "Infrared track.h"
   7          
   8          
   9          
  10          void main()
  11          {
  12   1        Timer0_Init();//  定时器0开关
  13   1        EA=1;         //  定时器中断总使能开关
  14   1        while(1)
  15   1        {
  16   2          Track();    //  循迹函数    
  17   2        }
  18   1      }


MODULE INFORMATION:   STATIC OVERLAYABLE
   CODE SIZE        =     10    ----
   CONSTANT SIZE    =   ----    ----
   XDATA SIZE       =   ----    ----
   PDATA SIZE       =   ----    ----
   DATA SIZE        =   ----    ----
   IDATA SIZE       =   ----    ----
   BIT SIZE         =   ----    ----
END OF MODULE INFORMATION.


C51 COMPILATION COMPLETE.  0 WARNING(S),  0 ERROR(S)
